<?xml version="1.0" encoding="UTF-8"?>
<testng-results ignored="0" total="1" passed="1" failed="0" skipped="0">
  <reporter-output>
  </reporter-output>
  <suite started-at="2024-01-03T21:50:45 IST" name="Default suite" finished-at="2024-01-03T21:50:49 IST" duration-ms="4419">
    <groups>
    </groups>
    <test started-at="2024-01-03T21:50:45 IST" name="Default test" finished-at="2024-01-03T21:50:49 IST" duration-ms="4419">
      <class name="testscripts.WebElementCommands">
        <test-method is-config="true" signature="inititializeBrowser()[pri:0, instance:testscripts.WebElementCommands@4b8ee4de]" started-at="2024-01-03T21:50:45 IST" name="inititializeBrowser" finished-at="2024-01-03T21:50:49 IST" duration-ms="4140" status="PASS">
          <reporter-output>
          </reporter-output>
        </test-method> <!-- inititializeBrowser -->
        <test-method signature="webElementCommands()[pri:0, instance:testscripts.WebElementCommands@4b8ee4de]" started-at="2024-01-03T21:50:49 IST" name="webElementCommands" finished-at="2024-01-03T21:50:49 IST" duration-ms="4" status="PASS">
          <reporter-output>
          </reporter-output>
        </test-method> <!-- webElementCommands -->
        <test-method is-config="true" signature="driverQuit()[pri:0, instance:testscripts.WebElementCommands@4b8ee4de]" started-at="2024-01-03T21:50:49 IST" name="driverQuit" finished-at="2024-01-03T21:50:49 IST" duration-ms="230" status="PASS">
          <reporter-output>
          </reporter-output>
        </test-method> <!-- driverQuit -->
      </class> <!-- testscripts.WebElementCommands -->
    </test> <!-- Default test -->
  </suite> <!-- Default suite -->
</testng-results>
